2025-04-10 13:28:29,028 - __main__ - INFO - Loading model and vocabulary...
2025-04-10 13:28:29,028 - __main__ - ERROR - Model file not found at: lstm_model.pth
2025-04-10 13:28:29,029 - __main__ - INFO - Searching for model file...
2025-04-10 13:28:29,035 - __main__ - INFO - Found model file at: .\dream_analysis_output\models\lstm_model.pth
2025-04-10 13:28:29,035 - __main__ - WARNING - Vocabulary file not found at: vocab.pkl
2025-04-10 13:28:29,035 - __main__ - WARNING - Creating dummy vocabulary
2025-04-10 13:28:29,037 - __main__ - INFO - Created dummy vocabulary with 43 words
2025-04-10 13:28:29,038 - __main__ - INFO - Using vocabulary size: 43
2025-04-10 13:28:29,062 - __main__ - INFO - Initialized LSTM model with vocabulary size 43
2025-04-10 13:28:29,100 - __main__ - INFO - Model state dict keys: odict_keys(['embedding.weight', 'lstm.weight_ih_l0', 'lstm.weight_hh_l0', 'lstm.bias_ih_l0', 'lstm.bias_hh_l0', 'lstm.weight_ih_l0_reverse', 'lstm.weight_hh_l0_reverse', 'lstm.bias_ih_l0_reverse', 'lstm.bias_hh_l0_reverse', 'lstm.weight_ih_l1', 'lstm.weight_hh_l1', 'lstm.bias_ih_l1', 'lstm.bias_hh_l1', 'lstm.weight_ih_l1_reverse', 'lstm.weight_hh_l1_reverse', 'lstm.bias_ih_l1_reverse', 'lstm.bias_hh_l1_reverse', 'fc.weight', 'fc.bias'])
2025-04-10 13:28:29,103 - __main__ - ERROR - Error loading state dict: Error(s) in loading state_dict for LSTMModel:
	Unexpected key(s) in state_dict: "lstm.weight_ih_l0_reverse", "lstm.weight_hh_l0_reverse", "lstm.bias_ih_l0_reverse", "lstm.bias_hh_l0_reverse", "lstm.weight_ih_l1_reverse", "lstm.weight_hh_l1_reverse", "lstm.bias_ih_l1_reverse", "lstm.bias_hh_l1_reverse". 
	size mismatch for embedding.weight: copying a param with shape torch.Size([7372, 128]) from checkpoint, the shape in current model is torch.Size([43, 100]).
	size mismatch for lstm.weight_ih_l0: copying a param with shape torch.Size([256, 128]) from checkpoint, the shape in current model is torch.Size([512, 100]).
	size mismatch for lstm.weight_hh_l0: copying a param with shape torch.Size([256, 64]) from checkpoint, the shape in current model is torch.Size([512, 128]).
	size mismatch for lstm.bias_ih_l0: copying a param with shape torch.Size([256]) from checkpoint, the shape in current model is torch.Size([512]).
	size mismatch for lstm.bias_hh_l0: copying a param with shape torch.Size([256]) from checkpoint, the shape in current model is torch.Size([512]).
	size mismatch for lstm.weight_ih_l1: copying a param with shape torch.Size([256, 128]) from checkpoint, the shape in current model is torch.Size([512, 128]).
	size mismatch for lstm.weight_hh_l1: copying a param with shape torch.Size([256, 64]) from checkpoint, the shape in current model is torch.Size([512, 128]).
	size mismatch for lstm.bias_ih_l1: copying a param with shape torch.Size([256]) from checkpoint, the shape in current model is torch.Size([512]).
	size mismatch for lstm.bias_hh_l1: copying a param with shape torch.Size([256]) from checkpoint, the shape in current model is torch.Size([512]).
2025-04-10 13:28:29,105 - __main__ - INFO - Model set to evaluation mode
2025-04-10 13:28:29,107 - __main__ - INFO - Ready for dream analysis
2025-04-10 13:28:29,234 - __main__ - INFO - Starting Gradio interface
2025-04-10 13:28:29,235 - __main__ - INFO - Current working directory: C:\Users\RENISH THESIYA\Desktop\AI PROJECT\Nocturna_AI
2025-04-10 13:28:29,235 - __main__ - INFO - Files in current directory: ['.git', 'deployment.py', 'dream_analysis.log', 'dream_analysis_deployment.log', 'dream_analysis_output', 'dream_analysis_system.py', 'dream_dataset.csv', 'dummy_vocab.pkl', 'evaluate.py', 'main.py', 'model.py', 'preprocess.py', 'requirements.txt', 'utils.py', 'venv_name', '__pycache__']
2025-04-10 13:28:29,366 - httpx - INFO - HTTP Request: GET http://127.0.0.1:7860/gradio_api/startup-events "HTTP/1.1 200 OK"
2025-04-10 13:28:29,504 - httpx - INFO - HTTP Request: HEAD http://127.0.0.1:7860/ "HTTP/1.1 200 OK"
2025-04-10 13:28:30,256 - httpx - INFO - HTTP Request: GET https://api.gradio.app/pkg-version "HTTP/1.1 200 OK"
2025-04-10 13:31:19,718 - __main__ - INFO - Analyzing dream text...
2025-04-10 13:31:19,723 - __main__ - INFO - Processing dream text: I was running through a maze and couldn't find the...
2025-04-10 13:31:19,741 - __main__ - INFO - Created tensor of shape torch.Size([1, 100])
2025-04-10 13:31:19,832 - __main__ - INFO - Raw prediction: 0.5020391345024109
2025-04-10 13:31:19,833 - __main__ - INFO - Anxiety score: 50.20391345024109
2025-04-10 13:31:24,917 - __main__ - INFO - Analyzing dream text...
2025-04-10 13:31:24,918 - __main__ - INFO - Processing dream text: I was flying over mountains and oceans, feeling fr...
2025-04-10 13:31:24,918 - __main__ - INFO - Created tensor of shape torch.Size([1, 100])
2025-04-10 13:31:24,921 - __main__ - INFO - Raw prediction: 0.5020391345024109
2025-04-10 13:31:24,922 - __main__ - INFO - Anxiety score: 50.20391345024109
2025-04-10 13:31:25,898 - __main__ - INFO - Analyzing dream text...
2025-04-10 13:31:25,899 - __main__ - INFO - Processing dream text: I was flying over mountains and oceans, feeling fr...
2025-04-10 13:31:25,899 - __main__ - INFO - Created tensor of shape torch.Size([1, 100])
2025-04-10 13:31:25,903 - __main__ - INFO - Raw prediction: 0.5020391345024109
2025-04-10 13:31:25,903 - __main__ - INFO - Anxiety score: 50.20391345024109
2025-04-10 13:31:26,287 - __main__ - INFO - Analyzing dream text...
2025-04-10 13:31:26,288 - __main__ - INFO - Processing dream text: I was flying over mountains and oceans, feeling fr...
2025-04-10 13:31:26,289 - __main__ - INFO - Created tensor of shape torch.Size([1, 100])
2025-04-10 13:31:26,293 - __main__ - INFO - Raw prediction: 0.5020391345024109
2025-04-10 13:31:26,294 - __main__ - INFO - Anxiety score: 50.20391345024109
2025-04-10 13:31:26,457 - __main__ - INFO - Analyzing dream text...
2025-04-10 13:31:26,457 - __main__ - INFO - Processing dream text: I was flying over mountains and oceans, feeling fr...
2025-04-10 13:31:26,457 - __main__ - INFO - Created tensor of shape torch.Size([1, 100])
2025-04-10 13:31:26,460 - __main__ - INFO - Raw prediction: 0.5020391345024109
2025-04-10 13:31:26,460 - __main__ - INFO - Anxiety score: 50.20391345024109
2025-04-10 13:31:26,645 - __main__ - INFO - Analyzing dream text...
2025-04-10 13:31:26,645 - __main__ - INFO - Processing dream text: I was flying over mountains and oceans, feeling fr...
2025-04-10 13:31:26,645 - __main__ - INFO - Created tensor of shape torch.Size([1, 100])
2025-04-10 13:31:26,648 - __main__ - INFO - Raw prediction: 0.5020391345024109
2025-04-10 13:31:26,649 - __main__ - INFO - Anxiety score: 50.20391345024109
2025-04-10 13:31:26,832 - __main__ - INFO - Analyzing dream text...
2025-04-10 13:31:26,832 - __main__ - INFO - Processing dream text: I was flying over mountains and oceans, feeling fr...
2025-04-10 13:31:26,833 - __main__ - INFO - Created tensor of shape torch.Size([1, 100])
2025-04-10 13:31:26,835 - __main__ - INFO - Raw prediction: 0.5020391345024109
2025-04-10 13:31:26,836 - __main__ - INFO - Anxiety score: 50.20391345024109
2025-04-10 13:31:35,283 - __main__ - INFO - Analyzing dream text...
2025-04-10 13:31:35,283 - __main__ - INFO - Processing dream text: rcb lost ipl...
2025-04-10 13:31:35,284 - __main__ - INFO - Created tensor of shape torch.Size([1, 100])
2025-04-10 13:31:35,287 - __main__ - INFO - Raw prediction: 0.5020391345024109
2025-04-10 13:31:35,287 - __main__ - INFO - Anxiety score: 50.20391345024109
2025-04-10 13:31:36,476 - __main__ - INFO - Analyzing dream text...
2025-04-10 13:31:36,476 - __main__ - INFO - Processing dream text: rcb lost ipl...
2025-04-10 13:31:36,478 - __main__ - INFO - Created tensor of shape torch.Size([1, 100])
2025-04-10 13:31:36,480 - __main__ - INFO - Raw prediction: 0.5020391345024109
2025-04-10 13:31:36,481 - __main__ - INFO - Anxiety score: 50.20391345024109
2025-04-10 13:31:36,648 - __main__ - INFO - Analyzing dream text...
2025-04-10 13:31:36,649 - __main__ - INFO - Processing dream text: rcb lost ipl...
2025-04-10 13:31:36,649 - __main__ - INFO - Created tensor of shape torch.Size([1, 100])
2025-04-10 13:31:36,652 - __main__ - INFO - Raw prediction: 0.5020391345024109
2025-04-10 13:31:36,652 - __main__ - INFO - Anxiety score: 50.20391345024109
2025-04-10 13:31:36,756 - __main__ - INFO - Analyzing dream text...
2025-04-10 13:31:36,756 - __main__ - INFO - Processing dream text: rcb lost ipl...
2025-04-10 13:31:36,757 - __main__ - INFO - Created tensor of shape torch.Size([1, 100])
2025-04-10 13:31:36,760 - __main__ - INFO - Raw prediction: 0.5020391345024109
2025-04-10 13:31:36,760 - __main__ - INFO - Anxiety score: 50.20391345024109
2025-04-10 13:31:36,943 - __main__ - INFO - Analyzing dream text...
2025-04-10 13:31:36,943 - __main__ - INFO - Processing dream text: rcb lost ipl...
2025-04-10 13:31:36,943 - __main__ - INFO - Created tensor of shape torch.Size([1, 100])
2025-04-10 13:31:36,946 - __main__ - INFO - Raw prediction: 0.5020391345024109
2025-04-10 13:31:36,946 - __main__ - INFO - Anxiety score: 50.20391345024109
2025-04-10 13:31:37,116 - __main__ - INFO - Analyzing dream text...
2025-04-10 13:31:37,116 - __main__ - INFO - Processing dream text: rcb lost ipl...
2025-04-10 13:31:37,116 - __main__ - INFO - Created tensor of shape torch.Size([1, 100])
2025-04-10 13:31:37,118 - __main__ - INFO - Raw prediction: 0.5020391345024109
2025-04-10 13:31:37,119 - __main__ - INFO - Anxiety score: 50.20391345024109
2025-04-10 13:31:37,201 - __main__ - INFO - Analyzing dream text...
2025-04-10 13:31:37,201 - __main__ - INFO - Processing dream text: rcb lost ipl...
2025-04-10 13:31:37,203 - __main__ - INFO - Created tensor of shape torch.Size([1, 100])
2025-04-10 13:31:37,210 - __main__ - INFO - Raw prediction: 0.5020391345024109
2025-04-10 13:31:37,210 - __main__ - INFO - Anxiety score: 50.20391345024109
2025-04-10 13:31:37,458 - __main__ - INFO - Analyzing dream text...
2025-04-10 13:31:37,459 - __main__ - INFO - Processing dream text: rcb lost ipl...
2025-04-10 13:31:37,459 - __main__ - INFO - Created tensor of shape torch.Size([1, 100])
2025-04-10 13:31:37,462 - __main__ - INFO - Raw prediction: 0.5020391345024109
2025-04-10 13:31:37,463 - __main__ - INFO - Anxiety score: 50.20391345024109
2025-04-10 13:31:38,455 - __main__ - INFO - Analyzing dream text...
2025-04-10 13:31:38,457 - __main__ - INFO - Processing dream text: rcb lost ipl...
2025-04-10 13:31:38,457 - __main__ - INFO - Created tensor of shape torch.Size([1, 100])
2025-04-10 13:31:38,460 - __main__ - INFO - Raw prediction: 0.5020391345024109
2025-04-10 13:31:38,461 - __main__ - INFO - Anxiety score: 50.20391345024109
2025-04-10 13:31:57,006 - __main__ - INFO - Analyzing dream text...
2025-04-10 13:31:57,006 - __main__ - INFO - Processing dream text: I was back in school taking a test I hadn't studie...
2025-04-10 13:31:57,007 - __main__ - INFO - Created tensor of shape torch.Size([1, 100])
2025-04-10 13:31:57,010 - __main__ - INFO - Raw prediction: 0.5020391345024109
2025-04-10 13:31:57,011 - __main__ - INFO - Anxiety score: 50.20391345024109
